[baseline] run_dir = /tmp/2020110906_matryo_topk/runs/sparse32_kgrid_same_compute_8seed/20260628_142529_full_fb0_b16_d192
[baseline] n_experts = 32
[baseline] seeds = [0, 1, 2, 3, 4, 5, 6, 7]
[baseline] train_ks = [1, 2, 3, 4, 5, 6, 7, 8]

[B5] Computing within-k different-seed alignment...
  wrote 224 rows
[across-k] Extracting from metrics.csv...

========================================================================
B5: Within-k (training noise) vs Across-k alignment
========================================================================
             k |         metric |  within_k_mean | all_across_k_m | within_to_acro | k_effect_excee
---------------------------------------------------------------------------------------------------
             1 | top1_agreement |        0.03115 |        0.15945 |         0.1954 |          False
             2 | top1_agreement |        0.03099 |        0.37825 |         0.0819 |          False
             3 | top1_agreement |        0.03195 |        0.44146 |         0.0724 |          False
             4 | top1_agreement |        0.03218 |        0.47671 |         0.0675 |          False
             5 | top1_agreement |        0.03203 |        0.49992 |         0.0641 |          False
             6 | top1_agreement |        0.03197 |        0.50851 |         0.0629 |          False
             7 | top1_agreement |         0.0327 |        0.50853 |         0.0643 |          False
             8 | top1_agreement |        0.03298 |        0.50042 |         0.0659 |          False

[B1] Computing random baselines...

[B8] Extracting matched loss table...

========================================================================
B8: Matched loss by k (baseline for mismatch cost interpretation)
========================================================================
       train_k | matched_loss_m | matched_loss_s
------------------------------------------------
             1 |        0.32036 |         0.0185
             2 |        0.35028 |        0.02288
             3 |        0.37788 |        0.02812
             4 |         0.3959 |        0.02159
             5 |        0.42223 |        0.03749
             6 |        0.43728 |        0.01997
             7 |        0.46639 |        0.02744
             8 |          0.481 |        0.03961

[B9] Computing asymmetry statistics with CI and linear extrapolation...

========================================================================
B9: Asymmetry by k-gap with 95% CI vs linear extrapolation
========================================================================
           gap | asymmetry_mean | asymmetry_ci95 | asymmetry_ci95 | linear_pred_fr | ratio_vs_linea | hilo_gt_lohi_u
--------------------------------------------------------------------------------------------------------------------
             1 |        0.05532 |        0.03448 |        0.07616 |        0.05532 |            1.0 |          False
             2 |        0.13513 |        0.08067 |        0.18958 |        0.11064 |          1.221 |           True
             3 |        0.24666 |        0.14345 |        0.34987 |        0.16596 |          1.486 |           True
             4 |        0.37086 |        0.21785 |        0.52387 |        0.22128 |          1.676 |           True
             5 |        0.55787 |        0.33824 |         0.7775 |         0.2766 |          2.017 |           True
             6 |        0.87477 |        0.57192 |        1.17762 |        0.33191 |          2.636 |           True
             7 |        1.48872 |        1.42045 |          1.557 |        0.38723 |          3.845 |           True

[Noise] Computing noise floor for small mismatch deltas...

========================================================================
Noise floor: Adjacent-k (gap=1) mismatch delta (signal-to-noise)
========================================================================
       train_k |        infer_k |      direction |     mean_delta |      std_delta |            snr |  strong_signal
--------------------------------------------------------------------------------------------------------------------
             1 |              2 |       lo_to_hi |      -0.011689 |       0.009494 |          1.231 |          False
             2 |              1 |       hi_to_lo |       0.225963 |       0.021119 |         10.699 |           True
             2 |              3 |       lo_to_hi |      -0.012392 |       0.004476 |          2.769 |           True
             3 |              2 |       hi_to_lo |       0.048773 |       0.007342 |          6.643 |           True
             3 |              4 |       lo_to_hi |      -0.007735 |       0.003814 |          2.028 |           True
             4 |              3 |       hi_to_lo |        0.02333 |       0.008635 |          2.702 |           True
             4 |              5 |       lo_to_hi |      -0.004984 |       0.003065 |          1.626 |          False
             5 |              4 |       hi_to_lo |       0.016069 |       0.007128 |          2.254 |           True
             5 |              6 |       lo_to_hi |      -0.004028 |       0.002063 |          1.953 |          False
             6 |              5 |       hi_to_lo |       0.011403 |       0.004417 |          2.582 |           True
             6 |              7 |       lo_to_hi |      -0.003869 |       0.002353 |          1.644 |          False
             7 |              6 |       hi_to_lo |       0.008416 |       0.002573 |           3.27 |           True
             7 |              8 |       lo_to_hi |       -0.00144 |       0.003107 |          0.464 |          False
             8 |              7 |       hi_to_lo |       0.007004 |       0.002509 |          2.791 |           True

[done] wrote all baseline results to /tmp/2020110906_matryo_topk/baselines/same_compute_8seed
